[0m11:45:34.297316 [debug] [MainThread]: Sending event: {'category': 'dbt', 'action': 'invocation', 'label': 'start', 'context': [<snowplow_tracker.self_describing_json.SelfDescribingJson object at 0x000001D9E84E36E0>, <snowplow_tracker.self_describing_json.SelfDescribingJson object at 0x000001D9E88F1D00>, <snowplow_tracker.self_describing_json.SelfDescribingJson object at 0x000001D9E88B1C70>]}


============================== 11:45:34.306339 | 7498e362-eb91-4bd2-a6d0-603bf9e21b39 ==============================
[0m11:45:34.306339 [info ] [MainThread]: Running with dbt=1.12.0
[0m11:45:34.307341 [debug] [MainThread]: running dbt with arguments {'version_check': 'True', 'no_print': 'None', 'static_parser': 'True', 'target_path': 'None', 'warn_error_options': 'WarnErrorOptionsV2(error=[], warn=[], silence=[])', 'maximum_seed_size_mib': '1', 'printer_width': '80', 'write_json': 'True', 'introspect': 'True', 'log_cache_events': 'False', 'empty': 'None', 'cache_selected_only': 'False', 'log_format': 'default', 'debug': 'False', 'fail_fast': 'False', 'profiles_dir': 'C:\\Users\\sagar\\.dbt', 'send_anonymous_usage_stats': 'True', 'quiet': 'False', 'warn_error': 'None', 'partial_parse': 'True', 'indirect_selection': 'eager', 'hints_enabled': 'True', 'use_colors': 'True', 'use_experimental_parser': 'False', 'invocation_command': 'dbt init', 'log_path': 'logs'}
[0m11:45:57.937624 [debug] [MainThread]: Starter project path: E:\Data Engineering Study\Data Engineer Projects\Sales_Project\Snowflake_worsheets\motilal_sales_commission\motilal_sales_commission\venv\Lib\site-packages\dbt\include\starter_project
[0m11:45:57.977615 [info ] [MainThread]: Setting up your profile.
[0m11:46:11.366370 [debug] [MainThread]: Snowflake adapter: Setting snowflake.connector to ERROR (file logging only)
[0m11:46:11.366370 [debug] [MainThread]: Snowflake adapter: Setting botocore to ERROR (file logging only)
[0m11:46:11.367370 [debug] [MainThread]: Snowflake adapter: Setting boto3 to ERROR (file logging only)
[0m12:14:20.171271 [info ] [MainThread]: Profile motilal_dbt written to C:\Users\sagar\.dbt\profiles.yml using target's profile_template.yml and your supplied values.
[0m12:14:20.175273 [info ] [MainThread]: Running dbt debug to validate the project...
[0m12:14:20.176272 [info ] [MainThread]: dbt version: 1.12.0
[0m12:14:20.177270 [info ] [MainThread]: python version: 3.12.9
[0m12:14:20.177270 [info ] [MainThread]: python path: E:\Data Engineering Study\Data Engineer Projects\Sales_Project\Snowflake_worsheets\motilal_sales_commission\motilal_sales_commission\venv\Scripts\python.exe
[0m12:14:20.178272 [info ] [MainThread]: os info: Windows-11-10.0.26200-SP0
[0m12:14:20.278309 [info ] [MainThread]: Using profiles dir at C:\Users\sagar\.dbt
[0m12:14:20.279265 [info ] [MainThread]: Using profiles.yml file at C:\Users\sagar\.dbt\profiles.yml
[0m12:14:20.279265 [info ] [MainThread]: Using dbt_project.yml file at E:\Data Engineering Study\Data Engineer Projects\Sales_Project\Snowflake_worsheets\motilal_sales_commission\motilal_sales_commission\dbt\motilal_dbt\dbt_project.yml
[0m12:14:20.280916 [info ] [MainThread]: adapter type: snowflake
[0m12:14:20.280916 [info ] [MainThread]: adapter version: 1.12.0
[0m12:14:20.417924 [info ] [MainThread]: Configuration:
[0m12:14:20.417924 [info ] [MainThread]:   profiles.yml file [[32mOK found and valid[0m]
[0m12:14:20.418920 [info ] [MainThread]:   dbt_project.yml file [[32mOK found and valid[0m]
[0m12:14:20.418920 [info ] [MainThread]: Required dependencies:
[0m12:14:20.419919 [debug] [MainThread]: Executing "git --help"
[0m12:14:20.485484 [debug] [MainThread]: STDOUT: "b"usage: git [-v | --version] [-h | --help] [-C <path>] [-c <name>=<value>]\n           [--exec-path[=<path>]] [--html-path] [--man-path] [--info-path]\n           [-p | --paginate | -P | --no-pager] [--no-replace-objects] [--no-lazy-fetch]\n           [--no-optional-locks] [--no-advice] [--bare] [--git-dir=<path>]\n           [--work-tree=<path>] [--namespace=<name>] [--config-env=<name>=<envvar>]\n           <command> [<args>]\n\nThese are common Git commands used in various situations:\n\nstart a working area (see also: git help tutorial)\n   clone      Clone a repository into a new directory\n   init       Create an empty Git repository or reinitialize an existing one\n\nwork on the current change (see also: git help everyday)\n   add        Add file contents to the index\n   mv         Move or rename a file, a directory, or a symlink\n   restore    Restore working tree files\n   rm         Remove files from the working tree and from the index\n\nexamine the history and state (see also: git help revisions)\n   bisect     Use binary search to find the commit that introduced a bug\n   diff       Show changes between commits, commit and working tree, etc\n   grep       Print lines matching a pattern\n   log        Show commit logs\n   show       Show various types of objects\n   status     Show the working tree status\n\ngrow, mark and tweak your common history\n   backfill   Download missing objects in a partial clone\n   branch     List, create, or delete branches\n   commit     Record changes to the repository\n   merge      Join two or more development histories together\n   rebase     Reapply commits on top of another base tip\n   reset      Reset current HEAD to the specified state\n   switch     Switch branches\n   tag        Create, list, delete or verify tags\n\ncollaborate (see also: git help workflows)\n   fetch      Download objects and refs from another repository\n   pull       Fetch from and integrate with another repository or a local branch\n   push       Update remote refs along with associated objects\n\n'git help -a' and 'git help -g' list available subcommands and some\nconcept guides. See 'git help <command>' or 'git help <concept>'\nto read about a specific subcommand or concept.\nSee 'git help git' for an overview of the system.\n""
[0m12:14:20.485484 [debug] [MainThread]: STDERR: "b''"
[0m12:14:20.486486 [info ] [MainThread]:  - git [[32mOK found[0m]

[0m12:14:20.487487 [info ] [MainThread]: Connection:
[0m12:14:20.487487 [info ] [MainThread]:   account: NVQIWWS-HL83456
[0m12:14:20.488479 [info ] [MainThread]:   user: SAGAR
[0m12:14:20.488479 [info ] [MainThread]:   database: SALES_DB
[0m12:14:20.489524 [info ] [MainThread]:   warehouse: COMPUTE_WH
[0m12:14:20.489524 [info ] [MainThread]:   role: DE_ADMIN
[0m12:14:20.490481 [info ] [MainThread]:   schema: STAGING
[0m12:14:20.490481 [info ] [MainThread]:   authenticator: None
[0m12:14:20.491482 [info ] [MainThread]:   oauth_client_id: None
[0m12:14:20.491482 [info ] [MainThread]:   query_tag: None
[0m12:14:20.492482 [info ] [MainThread]:   client_session_keep_alive: False
[0m12:14:20.493483 [info ] [MainThread]:   host: None
[0m12:14:20.493483 [info ] [MainThread]:   port: None
[0m12:14:20.494481 [info ] [MainThread]:   proxy_host: None
[0m12:14:20.494481 [info ] [MainThread]:   proxy_port: None
[0m12:14:20.495527 [info ] [MainThread]:   protocol: None
[0m12:14:20.495527 [info ] [MainThread]:   connect_retries: 1
[0m12:14:20.496481 [info ] [MainThread]:   connect_timeout: None
[0m12:14:20.496481 [info ] [MainThread]:   retry_on_database_errors: False
[0m12:14:20.497482 [info ] [MainThread]:   retry_all: False
[0m12:14:20.497482 [info ] [MainThread]:   insecure_mode: False
[0m12:14:20.498483 [info ] [MainThread]:   reuse_connections: True
[0m12:14:20.499487 [info ] [MainThread]:   s3_stage_vpce_dns_name: None
[0m12:14:20.499487 [info ] [MainThread]:   workload_identity_provider: None
[0m12:14:20.500487 [info ] [MainThread]:   workload_identity_entra_resource: None
[0m12:14:20.500487 [info ] [MainThread]:   platform_detection_timeout_seconds: 0.0
[0m12:14:20.501488 [info ] [MainThread]: Registered adapter: snowflake=1.12.0
[0m12:14:20.935826 [debug] [MainThread]: Acquiring new snowflake connection 'debug'
[0m12:14:20.938831 [debug] [MainThread]: Using snowflake connection "debug"
[0m12:14:20.938831 [debug] [MainThread]: On debug: select 1 as id
[0m12:14:20.939832 [debug] [MainThread]: Opening a new connection, currently in state init
[0m12:14:22.805427 [debug] [MainThread]: SQL status: SUCCESS 1 in 1.866 seconds
[0m12:14:22.806426 [info ] [MainThread]:   Connection test: [[32mOK connection ok[0m]

[0m12:14:22.807425 [info ] [MainThread]: [32mAll checks passed![0m
[0m12:14:22.808425 [info ] [MainThread]: Your new dbt project "motilal_dbt" was created!
Initialized new project in E:\Data Engineering Study\Data Engineer Projects\Sales_Project\Snowflake_worsheets\motilal_sales_commission\motilal_sales_commission\dbt\motilal_dbt\motilal_dbt

For more information on how to configure the profiles.yml file,
please consult the dbt documentation here:

  https://docs.getdbt.com/docs/configure-your-profile

One more thing:

Need help? Don't hesitate to reach out to us via GitHub issues or on Slack:

  https://community.getdbt.com/

Happy modeling!

[0m12:14:22.809425 [debug] [MainThread]: Command `dbt init` succeeded at 12:14:22.809425 after 1728.83 seconds
[0m12:14:22.809425 [debug] [MainThread]: Connection 'debug' was left open.
[0m12:14:22.810424 [debug] [MainThread]: On debug: Close
[0m12:14:23.041432 [debug] [MainThread]: Sending event: {'category': 'dbt', 'action': 'invocation', 'label': 'end', 'context': [<snowplow_tracker.self_describing_json.SelfDescribingJson object at 0x000001D9E66472C0>, <snowplow_tracker.self_describing_json.SelfDescribingJson object at 0x000001D9EBBA2D80>, <snowplow_tracker.self_describing_json.SelfDescribingJson object at 0x000001D9EAC994C0>]}
[0m12:14:23.043445 [debug] [MainThread]: Flushing usage events
[0m12:14:24.702459 [debug] [MainThread]: An error was encountered while trying to flush usage events
[0m12:38:56.123650 [debug] [MainThread]: Sending event: {'category': 'dbt', 'action': 'invocation', 'label': 'start', 'context': [<snowplow_tracker.self_describing_json.SelfDescribingJson object at 0x000001E649FFF5C0>, <snowplow_tracker.self_describing_json.SelfDescribingJson object at 0x000001E64A263FE0>, <snowplow_tracker.self_describing_json.SelfDescribingJson object at 0x000001E649FFF680>]}


============================== 12:38:56.137870 | 3825c912-614d-4a99-9320-d1d668c9353f ==============================
[0m12:38:56.137870 [info ] [MainThread]: Running with dbt=1.12.0
[0m12:38:56.139907 [debug] [MainThread]: running dbt with arguments {'maximum_seed_size_mib': '1', 'no_print': 'None', 'version_check': 'True', 'target_path': 'None', 'warn_error_options': 'WarnErrorOptionsV2(error=[], warn=[], silence=[])', 'static_parser': 'True', 'printer_width': '80', 'write_json': 'True', 'introspect': 'True', 'log_cache_events': 'False', 'empty': 'None', 'cache_selected_only': 'False', 'log_format': 'default', 'debug': 'False', 'fail_fast': 'False', 'partial_parse': 'True', 'send_anonymous_usage_stats': 'True', 'quiet': 'False', 'warn_error': 'None', 'profiles_dir': 'C:\\Users\\sagar\\.dbt', 'indirect_selection': 'eager', 'hints_enabled': 'True', 'invocation_command': 'dbt deps', 'use_experimental_parser': 'False', 'use_colors': 'True', 'log_path': 'logs'}
[0m12:38:56.139907 [error] [MainThread]: [[31mERROR[0m]: Encountered an error:
Runtime Error
  No dbt_project.yml found at expected path E:\Data Engineering Study\Data Engineer Projects\Sales_Project\Snowflake_worsheets\motilal_sales_commission\motilal_sales_commission\dbt\dbt_project.yml
  Verify that each entry within packages.yml (and their transitive dependencies) contains a file named dbt_project.yml
  
[0m12:38:56.143948 [debug] [MainThread]: Command `dbt deps` failed at 12:38:56.143948 after 0.61 seconds
[0m12:38:56.143948 [debug] [MainThread]: Sending event: {'category': 'dbt', 'action': 'invocation', 'label': 'end', 'context': [<snowplow_tracker.self_describing_json.SelfDescribingJson object at 0x000001E64C231700>, <snowplow_tracker.self_describing_json.SelfDescribingJson object at 0x000001E6470D5820>, <snowplow_tracker.self_describing_json.SelfDescribingJson object at 0x000001E64C2BD760>]}
[0m12:38:56.143948 [debug] [MainThread]: Flushing usage events
[0m12:38:58.215763 [debug] [MainThread]: An error was encountered while trying to flush usage events
